<?xml version="1.0" encoding="UTF-8"?>
<coverage generated="1728095443854" clover="3.2.0">
  <project timestamp="1728095443854" name="All files">
    <metrics statements="26" coveredstatements="18" conditionals="6" coveredconditionals="4" methods="9" coveredmethods="4" elements="41" coveredelements="26" complexity="0" loc="26" ncloc="26" packages="1" files="1" classes="1"/>
    <file name="Body.js" path="C:\Users\pooja\OneDrive\Desktop\Food-Ordering-App\src\components\Body.js">
      <metrics statements="26" coveredstatements="18" conditionals="6" coveredconditionals="4" methods="9" coveredmethods="4"/>
      <line num="8" count="1" type="stmt"/>
      <line num="10" count="2" type="stmt"/>
      <line num="11" count="2" type="stmt"/>
      <line num="12" count="2" type="stmt"/>
      <line num="13" count="2" type="stmt"/>
      <line num="15" count="2" type="stmt"/>
      <line num="16" count="1" type="stmt"/>
      <line num="19" count="2" type="stmt"/>
      <line num="20" count="1" type="stmt"/>
      <line num="23" count="1" type="stmt"/>
      <line num="25" count="1" type="stmt"/>
      <line num="26" count="1" type="stmt"/>
      <line num="27" count="1" type="stmt"/>
      <line num="30" count="2" type="cond" truecount="1" falsecount="1"/>
      <line num="31" count="0" type="stmt"/>
      <line num="38" count="2" type="cond" truecount="2" falsecount="0"/>
      <line num="40" count="1" type="stmt"/>
      <line num="45" count="1" type="stmt"/>
      <line num="51" count="0" type="stmt"/>
      <line num="58" count="0" type="stmt"/>
      <line num="59" count="0" type="stmt"/>
      <line num="61" count="0" type="stmt"/>
      <line num="68" count="0" type="stmt"/>
      <line num="69" count="0" type="stmt"/>
      <line num="73" count="0" type="stmt"/>
      <line num="85" count="8" type="stmt"/>
    </file>
  </project>
</coverage>
