{"C:\\Users\\pooja\\OneDrive\\Desktop\\Food-Ordering-App\\src\\components\\Contact.js": {"path":"C:\\Users\\pooja\\OneDrive\\Desktop\\Food-Ordering-App\\src\\components\\Contact.js","statementMap":{"0":{"start":{"line":1,"column":16},"end":{"line":14,"column":1}},"1":{"start":{"line":2,"column":4},"end":{"line":13,"column":6}}},"fnMap":{"0":{"name":"(anonymous_0)","decl":{"start":{"line":1,"column":16},"end":{"line":1,"column":17}},"loc":{"start":{"line":1,"column":22},"end":{"line":14,"column":1}},"line":1}},"branchMap":{},"s":{"0":1,"1":3},"f":{"0":3},"b":{},"_coverageSchema":"1a1c01bbd47fc00a2c39e90264f33305004495a9","hash":"2f5fd64fce95c4d994e0533c8a3a13a40261118a"}
,"C:\\Users\\pooja\\OneDrive\\Desktop\\Food-Ordering-App\\src\\components\\RestaurantCard.js": {"path":"C:\\Users\\pooja\\OneDrive\\Desktop\\Food-Ordering-App\\src\\components\\RestaurantCard.js","statementMap":{"0":{"start":{"line":2,"column":23},"end":{"line":28,"column":3}},"1":{"start":{"line":3,"column":24},"end":{"line":3,"column":29}},"2":{"start":{"line":12,"column":8},"end":{"line":12,"column":21}},"3":{"start":{"line":14,"column":4},"end":{"line":27,"column":6}},"4":{"start":{"line":33,"column":35},"end":{"line":43,"column":3}},"5":{"start":{"line":34,"column":4},"end":{"line":42,"column":5}},"6":{"start":{"line":35,"column":6},"end":{"line":41,"column":7}}},"fnMap":{"0":{"name":"(anonymous_0)","decl":{"start":{"line":2,"column":23},"end":{"line":2,"column":24}},"loc":{"start":{"line":2,"column":34},"end":{"line":28,"column":3}},"line":2},"1":{"name":"(anonymous_1)","decl":{"start":{"line":33,"column":35},"end":{"line":33,"column":36}},"loc":{"start":{"line":33,"column":55},"end":{"line":43,"column":3}},"line":33},"2":{"name":"(anonymous_2)","decl":{"start":{"line":34,"column":11},"end":{"line":34,"column":12}},"loc":{"start":{"line":34,"column":22},"end":{"line":42,"column":5}},"line":34}},"branchMap":{},"s":{"0":1,"1":1,"2":1,"3":1,"4":1,"5":0,"6":0},"f":{"0":1,"1":0,"2":0},"b":{},"_coverageSchema":"1a1c01bbd47fc00a2c39e90264f33305004495a9","hash":"546d0300442472683bfddb9716592489bf529408"}
,"C:\\Users\\pooja\\OneDrive\\Desktop\\Food-Ordering-App\\src\\components\\sum.js": {"path":"C:\\Users\\pooja\\OneDrive\\Desktop\\Food-Ordering-App\\src\\components\\sum.js","statementMap":{"0":{"start":{"line":1,"column":19},"end":{"line":5,"column":1}},"1":{"start":{"line":3,"column":4},"end":{"line":3,"column":15}}},"fnMap":{"0":{"name":"(anonymous_0)","decl":{"start":{"line":1,"column":19},"end":{"line":1,"column":20}},"loc":{"start":{"line":1,"column":28},"end":{"line":5,"column":1}},"line":1}},"branchMap":{},"s":{"0":1,"1":1},"f":{"0":1},"b":{},"_coverageSchema":"1a1c01bbd47fc00a2c39e90264f33305004495a9","hash":"2521f76a8bcba29b6ceb5aaf46d1d46cd83e619c"}
,"C:\\Users\\pooja\\OneDrive\\Desktop\\Food-Ordering-App\\src\\utils\\constants.js": {"path":"C:\\Users\\pooja\\OneDrive\\Desktop\\Food-Ordering-App\\src\\utils\\constants.js","statementMap":{"0":{"start":{"line":1,"column":24},"end":{"line":1,"column":118}},"1":{"start":{"line":3,"column":22},"end":{"line":3,"column":108}},"2":{"start":{"line":5,"column":24},"end":{"line":5,"column":147}}},"fnMap":{},"branchMap":{},"s":{"0":1,"1":1,"2":1},"f":{},"b":{},"_coverageSchema":"1a1c01bbd47fc00a2c39e90264f33305004495a9","hash":"de52c705ee7e82e54b70c623f9a1842a99f12d2b"}
}
