{"C:\\Users\\pooja\\OneDrive\\Desktop\\Food-Ordering-App\\src\\components\\Body.js": {"path":"C:\\Users\\pooja\\OneDrive\\Desktop\\Food-Ordering-App\\src\\components\\Body.js","statementMap":{"0":{"start":{"line":8,"column":13},"end":{"line":100,"column":1}},"1":{"start":{"line":10,"column":53},"end":{"line":10,"column":65}},"2":{"start":{"line":11,"column":56},"end":{"line":11,"column":68}},"3":{"start":{"line":12,"column":40},"end":{"line":12,"column":52}},"4":{"start":{"line":13,"column":35},"end":{"line":13,"column":68}},"5":{"start":{"line":15,"column":4},"end":{"line":17,"column":11}},"6":{"start":{"line":16,"column":8},"end":{"line":16,"column":20}},"7":{"start":{"line":19,"column":22},"end":{"line":28,"column":5}},"8":{"start":{"line":20,"column":21},"end":{"line":20,"column":172}},"9":{"start":{"line":23,"column":21},"end":{"line":23,"column":38}},"10":{"start":{"line":25,"column":8},"end":{"line":25,"column":99}},"11":{"start":{"line":26,"column":8},"end":{"line":26,"column":89}},"12":{"start":{"line":27,"column":8},"end":{"line":27,"column":101}},"13":{"start":{"line":30,"column":4},"end":{"line":34,"column":5}},"14":{"start":{"line":31,"column":8},"end":{"line":33,"column":10}},"15":{"start":{"line":38,"column":4},"end":{"line":42,"column":5}},"16":{"start":{"line":40,"column":7},"end":{"line":40,"column":25}},"17":{"start":{"line":45,"column":4},"end":{"line":99,"column":6}},"18":{"start":{"line":51,"column":24},"end":{"line":51,"column":54}},"19":{"start":{"line":58,"column":51},"end":{"line":60,"column":25}},"20":{"start":{"line":59,"column":28},"end":{"line":59,"column":90}},"21":{"start":{"line":61,"column":24},"end":{"line":61,"column":66}},"22":{"start":{"line":68,"column":49},"end":{"line":70,"column":27}},"23":{"start":{"line":69,"column":37},"end":{"line":69,"column":60}},"24":{"start":{"line":73,"column":24},"end":{"line":73,"column":58}},"25":{"start":{"line":85,"column":24},"end":{"line":92,"column":35}}},"fnMap":{"0":{"name":"(anonymous_0)","decl":{"start":{"line":8,"column":13},"end":{"line":8,"column":14}},"loc":{"start":{"line":8,"column":19},"end":{"line":100,"column":1}},"line":8},"1":{"name":"(anonymous_1)","decl":{"start":{"line":15,"column":15},"end":{"line":15,"column":16}},"loc":{"start":{"line":15,"column":19},"end":{"line":17,"column":5}},"line":15},"2":{"name":"(anonymous_2)","decl":{"start":{"line":19,"column":22},"end":{"line":19,"column":23}},"loc":{"start":{"line":19,"column":34},"end":{"line":28,"column":5}},"line":19},"3":{"name":"(anonymous_3)","decl":{"start":{"line":50,"column":30},"end":{"line":50,"column":31}},"loc":{"start":{"line":50,"column":35},"end":{"line":52,"column":21}},"line":50},"4":{"name":"(anonymous_4)","decl":{"start":{"line":54,"column":33},"end":{"line":54,"column":34}},"loc":{"start":{"line":54,"column":37},"end":{"line":62,"column":21}},"line":54},"5":{"name":"(anonymous_5)","decl":{"start":{"line":58,"column":76},"end":{"line":58,"column":77}},"loc":{"start":{"line":59,"column":28},"end":{"line":59,"column":90}},"line":59},"6":{"name":"(anonymous_6)","decl":{"start":{"line":67,"column":38},"end":{"line":67,"column":39}},"loc":{"start":{"line":67,"column":43},"end":{"line":74,"column":22}},"line":67},"7":{"name":"(anonymous_7)","decl":{"start":{"line":69,"column":28},"end":{"line":69,"column":29}},"loc":{"start":{"line":69,"column":37},"end":{"line":69,"column":60}},"line":69},"8":{"name":"(anonymous_8)","decl":{"start":{"line":84,"column":43},"end":{"line":84,"column":44}},"loc":{"start":{"line":85,"column":24},"end":{"line":92,"column":35}},"line":85}},"branchMap":{"0":{"loc":{"start":{"line":30,"column":4},"end":{"line":34,"column":5}},"type":"if","locations":[{"start":{"line":30,"column":4},"end":{"line":34,"column":5}},{"start":{},"end":{}}],"line":30},"1":{"loc":{"start":{"line":38,"column":4},"end":{"line":42,"column":5}},"type":"if","locations":[{"start":{"line":38,"column":4},"end":{"line":42,"column":5}},{"start":{},"end":{}}],"line":38},"2":{"loc":{"start":{"line":88,"column":29},"end":{"line":91,"column":29}},"type":"cond-expr","locations":[{"start":{"line":89,"column":32},"end":{"line":89,"column":78}},{"start":{"line":90,"column":33},"end":{"line":90,"column":71}}],"line":88}},"s":{"0":1,"1":2,"2":2,"3":2,"4":2,"5":2,"6":1,"7":2,"8":1,"9":1,"10":1,"11":1,"12":1,"13":2,"14":0,"15":2,"16":1,"17":1,"18":0,"19":0,"20":0,"21":0,"22":0,"23":0,"24":0,"25":8},"f":{"0":2,"1":1,"2":1,"3":0,"4":0,"5":0,"6":0,"7":0,"8":8},"b":{"0":[0,2],"1":[1,1],"2":[0,8]},"_coverageSchema":"1a1c01bbd47fc00a2c39e90264f33305004495a9","hash":"43edd756c0577c37723dd03930951851611d598e"}
}
