TN:
SF:src\components\Body.js
FN:8,(anonymous_0)
FN:15,(anonymous_1)
FN:19,(anonymous_2)
FN:50,(anonymous_3)
FN:54,(anonymous_4)
FN:58,(anonymous_5)
FN:67,(anonymous_6)
FN:69,(anonymous_7)
FN:84,(anonymous_8)
FNF:9
FNH:4
FNDA:2,(anonymous_0)
FNDA:1,(anonymous_1)
FNDA:1,(anonymous_2)
FNDA:0,(anonymous_3)
FNDA:0,(anonymous_4)
FNDA:0,(anonymous_5)
FNDA:0,(anonymous_6)
FNDA:0,(anonymous_7)
FNDA:8,(anonymous_8)
DA:8,1
DA:10,2
DA:11,2
DA:12,2
DA:13,2
DA:15,2
DA:16,1
DA:19,2
DA:20,1
DA:23,1
DA:25,1
DA:26,1
DA:27,1
DA:30,2
DA:31,0
DA:38,2
DA:40,1
DA:45,1
DA:51,0
DA:58,0
DA:59,0
DA:61,0
DA:68,0
DA:69,0
DA:73,0
DA:85,8
LF:26
LH:18
BRDA:30,0,0,0
BRDA:30,0,1,2
BRDA:38,1,0,1
BRDA:38,1,1,1
BRDA:88,2,0,0
BRDA:88,2,1,8
BRF:6
BRH:4
end_of_record
